C:\Program Files (x86)\MSBuild\Microsoft.Cpp\v4.0\V140\Microsoft.CppBuild.targets(392,5): warning MSB8028: The intermediate directory (Debug\) contains files shared from another project (PapuEngine.vcxproj).  This can lead to incorrect clean and rebuild behavior.
  Zombie.cpp
  Window.cpp
  Weapon.cpp
  Timing.cpp
c:\users\proyecto\clase112\fundamentos-201702\fundamentosfw\timing.cpp(22): warning C4244: 'argument': conversion from 'float' to 'Uint32', possible loss of data
  TextureCache.cpp
  SpriteBatch.cpp
c:\users\proyecto\clase112\fundamentos-201702\fundamentosfw\spritebatch.cpp(15): warning C4018: '<': signed/unsigned mismatch
c:\users\proyecto\clase112\fundamentos-201702\fundamentosfw\spritebatch.cpp(44): warning C4018: '<': signed/unsigned mismatch
c:\users\proyecto\clase112\fundamentos-201702\fundamentosfw\spritebatch.cpp(72): warning C4018: '<': signed/unsigned mismatch
  Sprite.cpp
  ResourceManager.cpp
  Player.cpp
  picoPNG.cpp
  MainGame.cpp
c:\users\proyecto\clase112\fundamentos-201702\fundamentosfw\maingame.cpp(40): warning C4244: 'argument': conversion from 'time_t' to 'unsigned int', possible loss of data
c:\users\proyecto\clase112\fundamentos-201702\fundamentosfw\maingame.cpp(137): warning C4244: 'argument': conversion from 'Sint32' to 'float', possible loss of data
c:\users\proyecto\clase112\fundamentos-201702\fundamentosfw\maingame.cpp(192): warning C4244: 'initializing': conversion from 'Uint32' to 'float', possible loss of data
c:\program files (x86)\microsoft visual studio 14.0\vc\include\xmemory0(737): warning C4244: 'argument': conversion from 'int' to 'float', possible loss of data
  c:\program files (x86)\microsoft visual studio 14.0\vc\include\xmemory0(857): note: see reference to function template instantiation 'void std::allocator<_Ty>::construct<_Objty,glm::vec2&,glm::vec2&,float,int>(_Objty *,glm::vec2 &,glm::vec2 &,float &&,int &&)' being compiled
          with
          [
              _Ty=Bullet,
              _Objty=Bullet
          ]
  c:\program files (x86)\microsoft visual studio 14.0\vc\include\xmemory0(857): note: see reference to function template instantiation 'void std::allocator<_Ty>::construct<_Objty,glm::vec2&,glm::vec2&,float,int>(_Objty *,glm::vec2 &,glm::vec2 &,float &&,int &&)' being compiled
          with
          [
              _Ty=Bullet,
              _Objty=Bullet
          ]
  c:\program files (x86)\microsoft visual studio 14.0\vc\include\xmemory0(996): note: see reference to function template instantiation 'void std::allocator_traits<_Alloc>::construct<_Ty,glm::vec2&,glm::vec2&,float,int>(std::allocator<_Ty> &,_Objty *,glm::vec2 &,glm::vec2 &,float &&,int &&)' being compiled
          with
          [
              _Alloc=std::allocator<Bullet>,
              _Ty=Bullet,
              _Objty=Bullet
          ]
  c:\program files (x86)\microsoft visual studio 14.0\vc\include\xmemory0(995): note: see reference to function template instantiation 'void std::allocator_traits<_Alloc>::construct<_Ty,glm::vec2&,glm::vec2&,float,int>(std::allocator<_Ty> &,_Objty *,glm::vec2 &,glm::vec2 &,float &&,int &&)' being compiled
          with
          [
              _Alloc=std::allocator<Bullet>,
              _Ty=Bullet,
              _Objty=Bullet
          ]
  c:\program files (x86)\microsoft visual studio 14.0\vc\include\vector(930): note: see reference to function template instantiation 'void std::_Wrap_alloc<std::allocator<_Ty>>::construct<_Ty,glm::vec2&,glm::vec2&,float,int>(_Ty *,glm::vec2 &,glm::vec2 &,float &&,int &&)' being compiled
          with
          [
              _Ty=Bullet
          ]
  c:\program files (x86)\microsoft visual studio 14.0\vc\include\vector(929): note: see reference to function template instantiation 'void std::_Wrap_alloc<std::allocator<_Ty>>::construct<_Ty,glm::vec2&,glm::vec2&,float,int>(_Ty *,glm::vec2 &,glm::vec2 &,float &&,int &&)' being compiled
          with
          [
              _Ty=Bullet
          ]
  c:\users\proyecto\clase112\fundamentos-201702\fundamentosfw\maingame.cpp(164): note: see reference to function template instantiation 'void std::vector<Bullet,std::allocator<_Ty>>::emplace_back<glm::vec2&,glm::vec2&,float,int>(glm::vec2 &,glm::vec2 &,float &&,int &&)' being compiled
          with
          [
              _Ty=Bullet
          ]
  c:\users\proyecto\clase112\fundamentos-201702\fundamentosfw\maingame.cpp(164): note: see reference to function template instantiation 'void std::vector<Bullet,std::allocator<_Ty>>::emplace_back<glm::vec2&,glm::vec2&,float,int>(glm::vec2 &,glm::vec2 &,float &&,int &&)' being compiled
          with
          [
              _Ty=Bullet
          ]
  main.cpp
  Level.cpp
c:\users\proyecto\clase112\fundamentos-201702\fundamentosfw\level.cpp(38): warning C4018: '<': signed/unsigned mismatch
c:\users\proyecto\clase112\fundamentos-201702\fundamentosfw\level.cpp(40): warning C4018: '<': signed/unsigned mismatch
c:\users\proyecto\clase112\fundamentos-201702\fundamentosfw\level.cpp(64): warning C4244: '=': conversion from 'int' to 'float', possible loss of data
c:\users\proyecto\clase112\fundamentos-201702\fundamentosfw\level.cpp(65): warning C4244: '=': conversion from 'int' to 'float', possible loss of data
  IOManager.cpp
c:\users\proyecto\clase112\fundamentos-201702\fundamentosfw\iomanager.cpp(15): warning C4244: 'initializing': conversion from 'std::streamoff' to 'int', possible loss of data
c:\users\proyecto\clase112\fundamentos-201702\fundamentosfw\iomanager.cpp(18): warning C4244: '-=': conversion from 'std::streamoff' to 'int', possible loss of data
  InputManager.cpp
  ImageLoader.cpp
c:\users\proyecto\clase112\fundamentos-201702\fundamentosfw\imageloader.cpp(36): warning C4244: '=': conversion from 'unsigned long' to 'float', possible loss of data
c:\users\proyecto\clase112\fundamentos-201702\fundamentosfw\imageloader.cpp(37): warning C4244: '=': conversion from 'unsigned long' to 'float', possible loss of data
  Human.cpp
c:\users\proyecto\clase112\fundamentos-201702\fundamentosfw\human.cpp(15): warning C4244: 'argument': conversion from 'time_t' to 'unsigned int', possible loss of data
c:\users\proyecto\clase112\fundamentos-201702\fundamentosfw\human.cpp(30): warning C4244: 'argument': conversion from 'time_t' to 'unsigned int', possible loss of data
  Gun.cpp
c:\users\proyecto\clase112\fundamentos-201702\fundamentosfw\gun.cpp(19): warning C4244: 'initializing': conversion from 'float' to 'int', possible loss of data
c:\users\proyecto\clase112\fundamentos-201702\fundamentosfw\gun.cpp(29): warning C4244: '+=': conversion from 'double' to 'float', possible loss of data
c:\users\proyecto\clase112\fundamentos-201702\fundamentosfw\gun.cpp(42): warning C4244: 'argument': conversion from 'time_t' to 'unsigned int', possible loss of data
c:\users\proyecto\clase112\fundamentos-201702\fundamentosfw\gun.cpp(48): warning C4244: 'argument': conversion from 'const int' to 'float', possible loss of data
c:\program files (x86)\microsoft visual studio 14.0\vc\include\xmemory0(737): warning C4244: 'argument': conversion from 'int' to 'float', possible loss of data
  c:\program files (x86)\microsoft visual studio 14.0\vc\include\xmemory0(857): note: see reference to function template instantiation 'void std::allocator<_Ty>::construct<_Objty,glm::vec<2,float,0>,glm::vec<2,float,0>,int&,float&>(_Objty *,glm::vec<2,float,0> &&,glm::vec<2,float,0> &&,int &,float &)' being compiled
          with
          [
              _Ty=Bullet,
              _Objty=Bullet
          ]
  c:\program files (x86)\microsoft visual studio 14.0\vc\include\xmemory0(857): note: see reference to function template instantiation 'void std::allocator<_Ty>::construct<_Objty,glm::vec<2,float,0>,glm::vec<2,float,0>,int&,float&>(_Objty *,glm::vec<2,float,0> &&,glm::vec<2,float,0> &&,int &,float &)' being compiled
          with
          [
              _Ty=Bullet,
              _Objty=Bullet
          ]
  c:\program files (x86)\microsoft visual studio 14.0\vc\include\xmemory0(996): note: see reference to function template instantiation 'void std::allocator_traits<_Alloc>::construct<_Ty,glm::vec<2,float,0>,glm::vec<2,float,0>,int&,float&>(std::allocator<_Ty> &,_Objty *,glm::vec<2,float,0> &&,glm::vec<2,float,0> &&,int &,float &)' being compiled
          with
          [
              _Alloc=std::allocator<Bullet>,
              _Ty=Bullet,
              _Objty=Bullet
          ]
  c:\program files (x86)\microsoft visual studio 14.0\vc\include\xmemory0(995): note: see reference to function template instantiation 'void std::allocator_traits<_Alloc>::construct<_Ty,glm::vec<2,float,0>,glm::vec<2,float,0>,int&,float&>(std::allocator<_Ty> &,_Objty *,glm::vec<2,float,0> &&,glm::vec<2,float,0> &&,int &,float &)' being compiled
          with
          [
              _Alloc=std::allocator<Bullet>,
              _Ty=Bullet,
              _Objty=Bullet
          ]
  c:\program files (x86)\microsoft visual studio 14.0\vc\include\vector(930): note: see reference to function template instantiation 'void std::_Wrap_alloc<std::allocator<_Ty>>::construct<_Ty,glm::vec<2,float,0>,glm::vec<2,float,0>,int&,float&>(_Ty *,glm::vec<2,float,0> &&,glm::vec<2,float,0> &&,int &,float &)' being compiled
          with
          [
              _Ty=Bullet
          ]
  c:\program files (x86)\microsoft visual studio 14.0\vc\include\vector(929): note: see reference to function template instantiation 'void std::_Wrap_alloc<std::allocator<_Ty>>::construct<_Ty,glm::vec<2,float,0>,glm::vec<2,float,0>,int&,float&>(_Ty *,glm::vec<2,float,0> &&,glm::vec<2,float,0> &&,int &,float &)' being compiled
          with
          [
              _Ty=Bullet
          ]
  c:\users\proyecto\clase112\fundamentos-201702\fundamentosfw\gun.cpp(49): note: see reference to function template instantiation 'void std::vector<Bullet,std::allocator<_Ty>>::emplace_back<glm::vec<2,float,0>,glm::vec<2,float,0>,int&,float&>(glm::vec<2,float,0> &&,glm::vec<2,float,0> &&,int &,float &)' being compiled
          with
          [
              _Ty=Bullet
          ]
  c:\users\proyecto\clase112\fundamentos-201702\fundamentosfw\gun.cpp(48): note: see reference to function template instantiation 'void std::vector<Bullet,std::allocator<_Ty>>::emplace_back<glm::vec<2,float,0>,glm::vec<2,float,0>,int&,float&>(glm::vec<2,float,0> &&,glm::vec<2,float,0> &&,int &,float &)' being compiled
          with
          [
              _Ty=Bullet
          ]
  GLS_Program.cpp
  Error.cpp
  Generating Code...
  Compiling...
  Engine.cpp
  Camera2D.cpp
  Bullet.cpp
c:\users\proyecto\clase112\fundamentos-201702\fundamentosfw\bullet.cpp(29): warning C4244: '=': conversion from 'float' to 'int', possible loss of data
c:\users\proyecto\clase112\fundamentos-201702\fundamentosfw\bullet.cpp(30): warning C4244: '=': conversion from 'float' to 'int', possible loss of data
c:\users\proyecto\clase112\fundamentos-201702\fundamentosfw\bullet.cpp(32): warning C4018: '>=': signed/unsigned mismatch
c:\users\proyecto\clase112\fundamentos-201702\fundamentosfw\bullet.cpp(33): warning C4018: '>=': signed/unsigned mismatch
  Agent.cpp
c:\users\proyecto\clase112\fundamentos-201702\fundamentosfw\agent.cpp(70): warning C4244: 'argument': conversion from 'float' to 'unsigned int', possible loss of data
  Generating Code...
  LINK : C:\Users\Proyecto\clase112\fundamentos-201702\Debug\FundamentosFW.exe not found or not built by the last incremental link; performing full link
  FundamentosFW.vcxproj -> C:\Users\Proyecto\clase112\fundamentos-201702\Debug\FundamentosFW.exe
  FundamentosFW.vcxproj -> C:\Users\Proyecto\clase112\fundamentos-201702\Debug\FundamentosFW.pdb (Partial PDB)
